[ 2015-12-20T12:13:53+08:00 ] 127.0.0.1 /tp3/Index/index
INFO: [ app_init ] --START--
INFO: Run Behavior\BuildLiteBehavior [ RunTime:0.000020s ]
INFO: [ app_init ] --END-- [ RunTime:0.009569s ]
ERR: 无法加载模块:Index

[ 2015-12-20T12:14:09+08:00 ] 127.0.0.1 /tp3/index.php/Index/Index
INFO: [ app_init ] --START--
INFO: Run Behavior\BuildLiteBehavior [ RunTime:0.000019s ]
INFO: [ app_init ] --END-- [ RunTime:0.000400s ]
ERR: 无法加载模块:Index

[ 2015-12-20T12:14:22+08:00 ] 127.0.0.1 /tp3/index.php/Index/index
INFO: [ app_init ] --START--
INFO: Run Behavior\BuildLiteBehavior [ RunTime:0.000018s ]
INFO: [ app_init ] --END-- [ RunTime:0.000394s ]
ERR: 无法加载模块:Index

[ 2015-12-20T12:14:34+08:00 ] 127.0.0.1 /tp3/index.php/Index/num
INFO: [ app_init ] --START--
INFO: Run Behavior\BuildLiteBehavior [ RunTime:0.000020s ]
INFO: [ app_init ] --END-- [ RunTime:0.000420s ]
ERR: 无法加载模块:Index

